2021-01-24T02:01:15.978Z - info: Website generation started at 10:01:15 am
2021-01-24T02:01:16.058Z - info: Building assets...
2021-01-24T02:01:16.079Z - info: Assets built
2021-01-24T02:01:16.080Z - info: Generating pages...
2021-01-24T02:01:16.364Z - info: Pages built
2021-01-24T02:01:16.480Z - info: Site data built
2021-01-24T02:01:16.481Z - info: Website generation complete! Total build time: 0.6s
2021-01-24T02:01:16.500Z - info: Serving "C:\Project\soristic\soristic_docs\_site" at http://127.0.0.1:8080
2021-01-24T02:01:16.501Z - info: Press CTRL+C to stop ...
2021-01-24T02:02:24.962Z - info: [10:02:24 am] Reload for file change: C:\Project\soristic\soristic_docs\index.md
2021-01-24T02:02:25.978Z - info: Rebuilding 1 pages
2021-01-24T02:02:26.115Z - info: Site data built
2021-01-24T02:02:26.116Z - info: Pages rebuilt
2021-01-24T02:02:26.116Z - info: Website regeneration complete! Total build time: 0.139s
2021-01-24T02:02:34.174Z - info: [10:02:34 am] Reload for file change: C:\Project\soristic\soristic_docs\index.md
2021-01-24T02:02:35.179Z - info: Rebuilding 1 pages
2021-01-24T02:02:35.259Z - info: Site data built
2021-01-24T02:02:35.260Z - info: Pages rebuilt
2021-01-24T02:02:35.260Z - info: Website regeneration complete! Total build time: 0.082s
2021-01-24T02:02:38.589Z - info: [10:02:38 am] Reload for file change: C:\Project\soristic\soristic_docs\index.md
2021-01-24T02:02:39.594Z - info: Rebuilding 1 pages
2021-01-24T02:02:39.670Z - info: Site data built
2021-01-24T02:02:39.670Z - info: Pages rebuilt
2021-01-24T02:02:39.671Z - info: Website regeneration complete! Total build time: 0.077s
2021-01-24T02:02:46.361Z - info: [10:02:46 am] Reload for file change: C:\Project\soristic\soristic_docs\index.md
2021-01-24T02:02:47.373Z - info: Rebuilding 1 pages
2021-01-24T02:02:47.438Z - info: Site data built
2021-01-24T02:02:47.438Z - info: Pages rebuilt
2021-01-24T02:02:47.441Z - info: Website regeneration complete! Total build time: 0.066s
2021-01-24T02:05:01.736Z - info: [10:05:01 am] Reload for file change: C:\Project\soristic\soristic_docs\index.md
2021-01-24T02:05:02.751Z - info: Rebuilding 1 pages
2021-01-24T02:05:02.812Z - info: Site data built
2021-01-24T02:05:02.812Z - info: Pages rebuilt
2021-01-24T02:05:02.812Z - info: Website regeneration complete! Total build time: 0.062s
2021-01-24T02:05:29.233Z - info: [10:05:29 am] Reload for file change: C:\Project\soristic\soristic_docs\index.md
2021-01-24T02:05:30.247Z - info: Rebuilding 1 pages
2021-01-24T02:05:30.302Z - info: Site data built
2021-01-24T02:05:30.303Z - info: Pages rebuilt
2021-01-24T02:05:30.303Z - info: Website regeneration complete! Total build time: 0.057s
2021-01-24T02:06:15.805Z - info: [10:06:15 am] Reload for file change: C:\Project\soristic\soristic_docs\index.md
2021-01-24T02:06:16.814Z - info: Rebuilding 1 pages
2021-01-24T02:06:16.879Z - info: Site data built
2021-01-24T02:06:16.880Z - info: Pages rebuilt
2021-01-24T02:06:16.880Z - info: Website regeneration complete! Total build time: 0.067s
2021-01-24T02:06:19.037Z - info: [10:06:19 am] Reload for file change: C:\Project\soristic\soristic_docs\index.md
2021-01-24T02:06:20.039Z - info: Rebuilding 1 pages
2021-01-24T02:06:20.090Z - info: Site data built
2021-01-24T02:06:20.090Z - info: Pages rebuilt
2021-01-24T02:06:20.090Z - info: Website regeneration complete! Total build time: 0.052s
2021-01-24T02:06:35.588Z - info: Website generation started at 10:06:35 am
2021-01-24T02:06:35.646Z - info: Building assets...
2021-01-24T02:06:35.669Z - info: Assets built
2021-01-24T02:06:35.670Z - info: Generating pages...
2021-01-24T02:06:35.983Z - info: Pages built
2021-01-24T02:06:36.064Z - info: Site data built
2021-01-24T02:06:36.081Z - info: Website generation complete! Total build time: 0.513s
2021-01-24T02:06:36.102Z - info: Serving "C:\Project\soristic\soristic_docs\_site" at http://127.0.0.1:8080
2021-01-24T02:06:36.103Z - info: Press CTRL+C to stop ...
2021-01-24T02:07:10.155Z - info: [10:07:10 am] Reload for file change: C:\Project\soristic\soristic_docs\index.md
2021-01-24T02:07:11.173Z - info: Rebuilding 1 pages
2021-01-24T02:07:11.317Z - info: Site data built
2021-01-24T02:07:11.318Z - info: Pages rebuilt
2021-01-24T02:07:11.318Z - info: Website regeneration complete! Total build time: 0.146s
2021-01-24T02:07:51.146Z - info: [10:07:51 am] Reload for file change: C:\Project\soristic\soristic_docs\index.md
2021-01-24T02:07:52.155Z - info: Rebuilding 1 pages
2021-01-24T02:07:52.233Z - info: Site data built
2021-01-24T02:07:52.234Z - info: Pages rebuilt
2021-01-24T02:07:52.234Z - info: Website regeneration complete! Total build time: 0.079s
2021-01-24T02:09:50.526Z - info: [10:09:50 am] Reload for file change: C:\Project\soristic\soristic_docs\index.md
2021-01-24T02:09:51.540Z - info: Rebuilding 1 pages
2021-01-24T02:09:51.618Z - info: Site data built
2021-01-24T02:09:51.619Z - info: Pages rebuilt
2021-01-24T02:09:51.623Z - info: Website regeneration complete! Total build time: 0.08s
2021-01-24T02:09:59.300Z - info: [10:09:59 am] Reload for file change: C:\Project\soristic\soristic_docs\index.md
2021-01-24T02:10:00.307Z - info: Rebuilding 1 pages
2021-01-24T02:10:00.371Z - info: Site data built
2021-01-24T02:10:00.372Z - info: Pages rebuilt
2021-01-24T02:10:00.372Z - info: Website regeneration complete! Total build time: 0.066s
2021-01-24T02:10:38.871Z - info: [10:10:38 am] Reload for file change: C:\Project\soristic\soristic_docs\index.md
2021-01-24T02:10:39.887Z - info: Rebuilding 1 pages
2021-01-24T02:10:39.940Z - info: Site data built
2021-01-24T02:10:39.940Z - info: Pages rebuilt
2021-01-24T02:10:39.940Z - info: Website regeneration complete! Total build time: 0.053s
2021-01-24T02:10:56.869Z - info: [10:10:56 am] Reload for file change: C:\Project\soristic\soristic_docs\index.md
2021-01-24T02:10:57.871Z - info: Rebuilding 1 pages
2021-01-24T02:10:57.924Z - info: Site data built
2021-01-24T02:10:57.924Z - info: Pages rebuilt
2021-01-24T02:10:57.924Z - info: Website regeneration complete! Total build time: 0.053s
2021-01-24T02:11:01.868Z - info: [10:11:01 am] Reload for file change: C:\Project\soristic\soristic_docs\index.md
2021-01-24T02:11:02.871Z - info: Rebuilding 1 pages
2021-01-24T02:11:02.922Z - info: Site data built
2021-01-24T02:11:02.923Z - info: Pages rebuilt
2021-01-24T02:11:02.923Z - info: Website regeneration complete! Total build time: 0.053s
2021-01-24T02:11:08.210Z - info: [10:11:08 am] Reload for file change: C:\Project\soristic\soristic_docs\index.md
2021-01-24T02:11:09.224Z - info: Rebuilding 1 pages
2021-01-24T02:11:09.267Z - info: Site data built
2021-01-24T02:11:09.270Z - info: Pages rebuilt
2021-01-24T02:11:09.270Z - info: Website regeneration complete! Total build time: 0.047s
2021-01-24T02:11:51.551Z - info: [10:11:51 am] Reload for file change: C:\Project\soristic\soristic_docs\index.md
2021-01-24T02:11:52.552Z - info: Rebuilding 1 pages
2021-01-24T02:11:52.593Z - info: Site data built
2021-01-24T02:11:52.593Z - info: Pages rebuilt
2021-01-24T02:11:52.593Z - info: Website regeneration complete! Total build time: 0.041s
2021-01-24T02:12:21.551Z - info: [10:12:21 am] Reload for file change: C:\Project\soristic\soristic_docs\index.md
2021-01-24T02:12:22.561Z - info: Rebuilding 1 pages
2021-01-24T02:12:22.601Z - info: Site data built
2021-01-24T02:12:22.601Z - info: Pages rebuilt
2021-01-24T02:12:22.602Z - info: Website regeneration complete! Total build time: 0.04s
2021-01-24T02:12:43.581Z - info: [10:12:43 am] Reload for file change: C:\Project\soristic\soristic_docs\index.md
2021-01-24T02:12:44.591Z - info: Rebuilding 1 pages
2021-01-24T02:12:44.626Z - info: Site data built
2021-01-24T02:12:44.627Z - info: Pages rebuilt
2021-01-24T02:12:44.627Z - info: Website regeneration complete! Total build time: 0.037s
2021-01-24T02:13:04.038Z - info: [10:13:04 am] Reload for file change: C:\Project\soristic\soristic_docs\index.md
2021-01-24T02:13:05.047Z - info: Rebuilding 1 pages
2021-01-24T02:13:05.077Z - info: Site data built
2021-01-24T02:13:05.078Z - info: Pages rebuilt
2021-01-24T02:13:05.078Z - info: Website regeneration complete! Total build time: 0.032s
2021-01-24T02:13:17.316Z - info: [10:13:17 am] Reload for file change: C:\Project\soristic\soristic_docs\index.md
2021-01-24T02:13:18.325Z - info: Rebuilding 1 pages
2021-01-24T02:13:18.352Z - info: Site data built
2021-01-24T02:13:18.352Z - info: Pages rebuilt
2021-01-24T02:13:18.352Z - info: Website regeneration complete! Total build time: 0.027s
2021-01-24T02:13:44.243Z - info: [10:13:44 am] Reload for file change: C:\Project\soristic\soristic_docs\index.md
2021-01-24T02:13:45.256Z - info: Rebuilding 1 pages
2021-01-24T02:13:45.281Z - info: Site data built
2021-01-24T02:13:45.281Z - info: Pages rebuilt
2021-01-24T02:13:45.282Z - info: Website regeneration complete! Total build time: 0.027s
2021-01-24T02:14:03.304Z - info: [10:14:03 am] Reload for file change: C:\Project\soristic\soristic_docs\index.md
2021-01-24T02:14:04.307Z - info: Rebuilding 1 pages
2021-01-24T02:14:04.336Z - info: Site data built
2021-01-24T02:14:04.336Z - info: Pages rebuilt
2021-01-24T02:14:04.336Z - info: Website regeneration complete! Total build time: 0.029s
2021-01-24T02:14:06.996Z - info: [10:14:06 am] Reload for file change: C:\Project\soristic\soristic_docs\index.md
2021-01-24T02:14:08.005Z - info: Rebuilding 1 pages
2021-01-24T02:14:08.031Z - info: Site data built
2021-01-24T02:14:08.031Z - info: Pages rebuilt
2021-01-24T02:14:08.032Z - info: Website regeneration complete! Total build time: 0.026s
2021-01-24T02:14:11.873Z - info: [10:14:11 am] Reload for file change: C:\Project\soristic\soristic_docs\index.md
2021-01-24T02:14:12.880Z - info: Rebuilding 1 pages
2021-01-24T02:14:12.906Z - info: Site data built
2021-01-24T02:14:12.907Z - info: Pages rebuilt
2021-01-24T02:14:12.907Z - info: Website regeneration complete! Total build time: 0.027s
2021-01-24T02:15:04.005Z - info: [10:15:04 am] Reload for file change: C:\Project\soristic\soristic_docs\index.md
2021-01-24T02:15:05.018Z - info: Rebuilding 1 pages
2021-01-24T02:15:05.043Z - info: Site data built
2021-01-24T02:15:05.044Z - info: Pages rebuilt
2021-01-24T02:15:05.044Z - info: Website regeneration complete! Total build time: 0.027s
2021-01-24T02:15:24.446Z - info: [10:15:24 am] Reload for file change: C:\Project\soristic\soristic_docs\index.md
2021-01-24T02:15:25.450Z - info: Rebuilding 1 pages
2021-01-24T02:15:25.476Z - info: Site data built
2021-01-24T02:15:25.477Z - info: Pages rebuilt
2021-01-24T02:15:25.477Z - info: Website regeneration complete! Total build time: 0.027s
2021-01-24T02:15:27.093Z - info: [10:15:27 am] Reload for file change: C:\Project\soristic\soristic_docs\index.md
2021-01-24T02:15:28.095Z - info: Rebuilding 1 pages
2021-01-24T02:15:28.121Z - info: Site data built
2021-01-24T02:15:28.122Z - info: Pages rebuilt
2021-01-24T02:15:28.122Z - info: Website regeneration complete! Total build time: 0.027s
2021-01-24T02:15:29.018Z - info: [10:15:29 am] Reload for file change: C:\Project\soristic\soristic_docs\index.md
2021-01-24T02:15:30.029Z - info: Rebuilding 1 pages
2021-01-24T02:15:30.058Z - info: Site data built
2021-01-24T02:15:30.058Z - info: Pages rebuilt
2021-01-24T02:15:30.058Z - info: Website regeneration complete! Total build time: 0.029s
2021-01-24T02:19:07.356Z - info: [10:19:07 am] Reload for file change: C:\Project\soristic\soristic_docs\index.md
2021-01-24T02:19:08.362Z - info: Rebuilding 1 pages
2021-01-24T02:19:08.389Z - info: Site data built
2021-01-24T02:19:08.389Z - info: Pages rebuilt
2021-01-24T02:19:08.389Z - info: Website regeneration complete! Total build time: 0.028s
2021-01-24T02:30:56.838Z - info: [10:30:56 am] Reload for file change: C:\Project\soristic\soristic_docs\index.md
2021-01-24T02:30:57.854Z - info: Rebuilding 1 pages
2021-01-24T02:30:57.894Z - info: Site data built
2021-01-24T02:30:57.895Z - info: Pages rebuilt
2021-01-24T02:30:57.895Z - info: Website regeneration complete! Total build time: 0.041s
2021-01-24T02:31:13.749Z - info: [10:31:13 am] Reload for file change: C:\Project\soristic\soristic_docs\index.md
2021-01-24T02:31:14.759Z - info: Rebuilding 1 pages
2021-01-24T02:31:14.793Z - info: Site data built
2021-01-24T02:31:14.794Z - info: Pages rebuilt
2021-01-24T02:31:14.794Z - info: Website regeneration complete! Total build time: 0.036s
2021-01-24T02:31:22.668Z - info: [10:31:22 am] Reload for file change: C:\Project\soristic\soristic_docs\index.md
2021-01-24T02:31:23.681Z - info: Rebuilding 1 pages
2021-01-24T02:31:23.713Z - info: Site data built
2021-01-24T02:31:23.713Z - info: Pages rebuilt
2021-01-24T02:31:23.713Z - info: Website regeneration complete! Total build time: 0.033s
2021-01-24T02:31:36.806Z - info: [10:31:36 am] Reload for file change: C:\Project\soristic\soristic_docs\index.md
2021-01-24T02:31:37.816Z - info: Rebuilding 1 pages
2021-01-24T02:31:37.845Z - info: Site data built
2021-01-24T02:31:37.845Z - info: Pages rebuilt
2021-01-24T02:31:37.845Z - info: Website regeneration complete! Total build time: 0.03s
2021-01-24T02:31:45.904Z - info: [10:31:45 am] Reload for file change: C:\Project\soristic\soristic_docs\index.md
2021-01-24T02:31:46.921Z - info: Rebuilding 1 pages
2021-01-24T02:31:46.952Z - info: Site data built
2021-01-24T02:31:46.952Z - info: Pages rebuilt
2021-01-24T02:31:46.953Z - info: Website regeneration complete! Total build time: 0.031s
2021-01-24T02:31:51.749Z - info: [10:31:51 am] Reload for file change: C:\Project\soristic\soristic_docs\index.md
2021-01-24T02:31:52.755Z - info: Rebuilding 1 pages
2021-01-24T02:31:52.785Z - info: Site data built
2021-01-24T02:31:52.785Z - info: Pages rebuilt
2021-01-24T02:31:52.786Z - info: Website regeneration complete! Total build time: 0.03s
2021-01-24T02:32:39.365Z - info: [10:32:39 am] Reload for file change: C:\Project\soristic\soristic_docs\index.md
2021-01-24T02:32:40.374Z - info: Rebuilding 1 pages
2021-01-24T02:32:40.404Z - info: Site data built
2021-01-24T02:32:40.404Z - info: Pages rebuilt
2021-01-24T02:32:40.404Z - info: Website regeneration complete! Total build time: 0.031s
2021-01-24T02:32:40.675Z - info: [10:32:40 am] Reload for file change: C:\Project\soristic\soristic_docs\index.md
2021-01-24T02:32:41.679Z - info: Rebuilding 1 pages
2021-01-24T02:32:41.712Z - info: Site data built
2021-01-24T02:32:41.712Z - info: Pages rebuilt
2021-01-24T02:32:41.713Z - info: Website regeneration complete! Total build time: 0.033s
2021-01-24T02:32:43.428Z - info: [10:32:43 am] Reload for file change: C:\Project\soristic\soristic_docs\index.md
2021-01-24T02:32:44.440Z - info: Rebuilding 1 pages
2021-01-24T02:32:44.472Z - info: Site data built
2021-01-24T02:32:44.472Z - info: Pages rebuilt
2021-01-24T02:32:44.473Z - info: Website regeneration complete! Total build time: 0.033s
2021-01-24T02:33:06.126Z - info: [10:33:06 am] Reload for file change: C:\Project\soristic\soristic_docs\index.md
2021-01-24T02:33:07.138Z - info: Rebuilding 1 pages
2021-01-24T02:33:07.171Z - info: Site data built
2021-01-24T02:33:07.171Z - info: Pages rebuilt
2021-01-24T02:33:07.171Z - info: Website regeneration complete! Total build time: 0.034s
2021-01-24T02:33:21.526Z - info: [10:33:21 am] Reload for file change: C:\Project\soristic\soristic_docs\index.md
2021-01-24T02:33:22.540Z - info: Rebuilding 1 pages
2021-01-24T02:33:22.570Z - info: Site data built
2021-01-24T02:33:22.570Z - info: Pages rebuilt
2021-01-24T02:33:22.571Z - info: Website regeneration complete! Total build time: 0.032s
2021-01-24T02:35:41.197Z - info: [10:35:41 am] Reload for file change: C:\Project\soristic\soristic_docs\index.md
2021-01-24T02:35:42.207Z - info: Rebuilding 1 pages
2021-01-24T02:35:42.239Z - info: Site data built
2021-01-24T02:35:42.239Z - info: Pages rebuilt
2021-01-24T02:35:42.240Z - info: Website regeneration complete! Total build time: 0.033s
2021-01-24T02:35:59.156Z - info: [10:35:59 am] Reload for file change: C:\Project\soristic\soristic_docs\index.md
2021-01-24T02:36:00.163Z - info: Rebuilding 1 pages
2021-01-24T02:36:00.192Z - info: Site data built
2021-01-24T02:36:00.192Z - info: Pages rebuilt
2021-01-24T02:36:00.192Z - info: Website regeneration complete! Total build time: 0.03s
2021-01-24T02:36:06.878Z - info: [10:36:06 am] Reload for file change: C:\Project\soristic\soristic_docs\index.md
2021-01-24T02:36:07.890Z - info: Rebuilding 1 pages
2021-01-24T02:36:07.920Z - info: Site data built
2021-01-24T02:36:07.920Z - info: Pages rebuilt
2021-01-24T02:36:07.920Z - info: Website regeneration complete! Total build time: 0.031s
2021-01-24T02:36:16.680Z - info: [10:36:16 am] Reload for file change: C:\Project\soristic\soristic_docs\index.md
2021-01-24T02:36:17.686Z - info: Rebuilding 1 pages
2021-01-24T02:36:17.718Z - info: Site data built
2021-01-24T02:36:17.719Z - info: Pages rebuilt
2021-01-24T02:36:17.719Z - info: Website regeneration complete! Total build time: 0.034s
2021-01-24T02:36:30.491Z - info: [10:36:30 am] Reload for file change: C:\Project\soristic\soristic_docs\index.md
2021-01-24T02:36:31.499Z - info: Rebuilding 1 pages
2021-01-24T02:36:31.531Z - info: Site data built
2021-01-24T02:36:31.531Z - info: Pages rebuilt
2021-01-24T02:36:31.531Z - info: Website regeneration complete! Total build time: 0.033s
2021-01-24T02:38:32.637Z - info: [10:38:32 am] Reload for file change: C:\Project\soristic\soristic_docs\index.md
2021-01-24T02:38:33.640Z - info: Rebuilding 1 pages
2021-01-24T02:38:33.673Z - info: Site data built
2021-01-24T02:38:33.673Z - info: Pages rebuilt
2021-01-24T02:38:33.673Z - info: Website regeneration complete! Total build time: 0.033s
2021-01-24T02:41:27.964Z - info: [10:41:27 am] Reload for file change: C:\Project\soristic\soristic_docs\index.md
2021-01-24T02:41:28.970Z - info: Rebuilding 1 pages
2021-01-24T02:41:29.007Z - info: Site data built
2021-01-24T02:41:29.008Z - info: Pages rebuilt
2021-01-24T02:41:29.009Z - info: Website regeneration complete! Total build time: 0.038s
2021-01-24T02:42:09.389Z - info: [10:42:09 am] Reload for file change: C:\Project\soristic\soristic_docs\index.md
2021-01-24T02:42:10.403Z - info: Rebuilding 1 pages
2021-01-24T02:42:10.436Z - info: Site data built
2021-01-24T02:42:10.436Z - info: Pages rebuilt
2021-01-24T02:42:10.436Z - info: Website regeneration complete! Total build time: 0.033s
2021-01-24T02:42:12.265Z - info: [10:42:12 am] Reload for file change: C:\Project\soristic\soristic_docs\index.md
2021-01-24T02:42:13.277Z - info: Rebuilding 1 pages
2021-01-24T02:42:13.319Z - info: Site data built
2021-01-24T02:42:13.320Z - info: Pages rebuilt
2021-01-24T02:42:13.320Z - info: Website regeneration complete! Total build time: 0.044s
2021-01-24T02:42:27.623Z - info: [10:42:27 am] Reload for file change: C:\Project\soristic\soristic_docs\index.md
2021-01-24T02:42:28.638Z - info: Rebuilding 1 pages
2021-01-24T02:42:28.672Z - info: Site data built
2021-01-24T02:42:28.672Z - info: Pages rebuilt
2021-01-24T02:42:28.673Z - info: Website regeneration complete! Total build time: 0.034s
2021-01-24T02:42:30.629Z - info: [10:42:30 am] Reload for file change: C:\Project\soristic\soristic_docs\index.md
2021-01-24T02:42:31.631Z - info: Rebuilding 1 pages
2021-01-24T02:42:31.666Z - info: Site data built
2021-01-24T02:42:31.667Z - info: Pages rebuilt
2021-01-24T02:42:31.667Z - info: Website regeneration complete! Total build time: 0.037s
2021-01-24T02:42:35.698Z - info: [10:42:35 am] Reload for file change: C:\Project\soristic\soristic_docs\index.md
2021-01-24T02:42:36.707Z - info: Rebuilding 1 pages
2021-01-24T02:42:36.739Z - info: Site data built
2021-01-24T02:42:36.740Z - info: Pages rebuilt
2021-01-24T02:42:36.740Z - info: Website regeneration complete! Total build time: 0.034s
2021-01-24T02:43:09.727Z - info: [10:43:09 am] Reload for file change: C:\Project\soristic\soristic_docs\index.md
2021-01-24T02:43:10.737Z - info: Rebuilding 1 pages
2021-01-24T02:43:10.780Z - info: Site data built
2021-01-24T02:43:10.780Z - info: Pages rebuilt
2021-01-24T02:43:10.780Z - info: Website regeneration complete! Total build time: 0.044s
2021-01-24T02:43:23.702Z - info: [10:43:23 am] Reload for file change: C:\Project\soristic\soristic_docs\index.md
2021-01-24T02:43:24.704Z - info: Rebuilding 1 pages
2021-01-24T02:43:24.736Z - info: Site data built
2021-01-24T02:43:24.736Z - info: Pages rebuilt
2021-01-24T02:43:24.736Z - info: Website regeneration complete! Total build time: 0.032s
2021-01-24T02:43:28.443Z - info: [10:43:28 am] Reload for file change: C:\Project\soristic\soristic_docs\index.md
2021-01-24T02:43:29.453Z - info: Rebuilding 1 pages
2021-01-24T02:43:29.484Z - info: Site data built
2021-01-24T02:43:29.484Z - info: Pages rebuilt
2021-01-24T02:43:29.484Z - info: Website regeneration complete! Total build time: 0.032s
2021-01-24T02:43:40.072Z - info: [10:43:40 am] Reload for file change: C:\Project\soristic\soristic_docs\index.md
2021-01-24T02:43:41.086Z - info: Rebuilding 1 pages
2021-01-24T02:43:41.117Z - info: Site data built
2021-01-24T02:43:41.117Z - info: Pages rebuilt
2021-01-24T02:43:41.117Z - info: Website regeneration complete! Total build time: 0.032s
2021-01-24T02:43:42.981Z - info: [10:43:42 am] Reload for file change: C:\Project\soristic\soristic_docs\index.md
2021-01-24T02:43:43.991Z - info: Rebuilding 1 pages
2021-01-24T02:43:44.029Z - info: Site data built
2021-01-24T02:43:44.030Z - info: Pages rebuilt
2021-01-24T02:43:44.030Z - info: Website regeneration complete! Total build time: 0.039s
2021-01-24T02:46:12.361Z - info: [10:46:12 am] Reload for file change: C:\Project\soristic\soristic_docs\index.md
2021-01-24T02:46:13.362Z - info: Rebuilding 1 pages
2021-01-24T02:46:13.401Z - info: Site data built
2021-01-24T02:46:13.401Z - info: Pages rebuilt
2021-01-24T02:46:13.401Z - info: Website regeneration complete! Total build time: 0.039s
2021-01-24T02:50:06.634Z - info: [10:50:06 am] Reload for file change: C:\Project\soristic\soristic_docs\index.md
2021-01-24T02:50:07.648Z - info: Rebuilding 1 pages
2021-01-24T02:50:07.684Z - info: Site data built
2021-01-24T02:50:07.685Z - info: Pages rebuilt
2021-01-24T02:50:07.685Z - info: Website regeneration complete! Total build time: 0.038s
2021-01-24T02:50:22.883Z - info: [10:50:22 am] Reload for file change: C:\Project\soristic\soristic_docs\index.md
2021-01-24T02:50:23.896Z - info: Rebuilding 1 pages
2021-01-24T02:50:23.940Z - info: Site data built
2021-01-24T02:50:23.941Z - info: Pages rebuilt
2021-01-24T02:50:23.941Z - info: Website regeneration complete! Total build time: 0.053s
2021-01-24T02:51:49.638Z - info: [10:51:49 am] Reload for file change: C:\Project\soristic\soristic_docs\_markbind\layouts\default\header.md
2021-01-24T02:51:50.646Z - info: Assets built
2021-01-24T02:51:52.347Z - info: [10:51:52 am] Reload for file change: C:\Project\soristic\soristic_docs\_markbind\layouts\default\header.md
2021-01-24T02:51:53.352Z - info: Assets built
2021-01-24T02:52:03.528Z - info: [10:52:03 am] Reload for file change: C:\Project\soristic\soristic_docs\_markbind\layouts\default\header.md
2021-01-24T02:52:04.534Z - info: Assets built
2021-01-24T02:52:14.936Z - info: Website generation started at 10:52:14 am
2021-01-24T02:52:14.998Z - info: Building assets...
2021-01-24T02:52:15.020Z - info: Assets built
2021-01-24T02:52:15.020Z - info: Generating pages...
2021-01-24T02:52:15.298Z - info: Pages built
2021-01-24T02:52:15.371Z - info: Site data built
2021-01-24T02:52:15.371Z - info: Website generation complete! Total build time: 0.472s
2021-01-24T02:52:15.387Z - info: Serving "C:\Project\soristic\soristic_docs\_site" at http://127.0.0.1:8080
2021-01-24T02:52:15.388Z - info: Press CTRL+C to stop ...
2021-01-24T02:52:44.627Z - info: [10:52:44 am] Reload for file change: C:\Project\soristic\soristic_docs\_markbind\layouts\default\header.md
2021-01-24T02:52:45.645Z - info: Assets built
2021-01-24T02:52:51.777Z - info: [10:52:51 am] Reload for file change: C:\Project\soristic\soristic_docs\_markbind\headers\header.md
2021-01-24T02:52:52.785Z - info: Rebuilding 5 pages
2021-01-24T02:52:52.992Z - info: Site data built
2021-01-24T02:52:52.992Z - info: Pages rebuilt
2021-01-24T02:52:52.992Z - info: Website regeneration complete! Total build time: 0.207s
2021-01-24T02:52:58.888Z - info: [10:52:58 am] Reload for file change: C:\Project\soristic\soristic_docs\_markbind\headers\header.md
2021-01-24T02:52:59.904Z - info: Rebuilding 5 pages
2021-01-24T02:53:00.020Z - info: Site data built
2021-01-24T02:53:00.021Z - info: Pages rebuilt
2021-01-24T02:53:00.021Z - info: Website regeneration complete! Total build time: 0.118s
2021-01-24T02:53:56.215Z - info: [10:53:56 am] Reload for file change: C:\Project\soristic\soristic_docs\_markbind\footers\footer.md
2021-01-24T02:53:57.222Z - info: Assets built
2021-01-24T02:54:09.364Z - info: [10:54:09 am] Reload for file change: C:\Project\soristic\soristic_docs\_markbind\footers\footer.md
2021-01-24T02:54:10.375Z - info: Assets built
2021-01-24T02:54:30.351Z - info: [10:54:30 am] Reload for file change: C:\Project\soristic\soristic_docs\index.md
2021-01-24T02:54:31.358Z - info: Rebuilding 1 pages
2021-01-24T02:54:31.407Z - info: Site data built
2021-01-24T02:54:31.407Z - info: Pages rebuilt
2021-01-24T02:54:31.408Z - info: Website regeneration complete! Total build time: 0.05s
2021-01-24T02:54:56.921Z - info: [10:54:56 am] Reload for file change: C:\Project\soristic\soristic_docs\_markbind\navigation\site-nav.md
2021-01-24T02:54:57.936Z - info: Rebuilding 5 pages
2021-01-24T02:54:58.031Z - info: Site data built
2021-01-24T02:54:58.031Z - info: Pages rebuilt
2021-01-24T02:54:58.032Z - info: Website regeneration complete! Total build time: 0.096s
2021-01-24T02:56:32.509Z - info: [10:56:32 am] Reload for file change: C:\Project\soristic\soristic_docs\site.json
2021-01-24T02:56:33.516Z - info: Assets built
2021-01-24T02:56:51.406Z - info: [10:56:51 am] Reload for file change: C:\Project\soristic\soristic_docs\site.json
2021-01-24T02:56:52.410Z - info: Assets built
2021-01-24T02:56:53.322Z - info: [10:56:53 am] Reload for file change: C:\Project\soristic\soristic_docs\site.json
2021-01-24T02:56:54.332Z - info: Assets built
2021-01-24T02:56:55.226Z - info: [10:56:55 am] Reload for file change: C:\Project\soristic\soristic_docs\site.json
2021-01-24T02:56:56.232Z - info: Assets built
2021-01-24T02:57:21.139Z - info: [10:57:21 am] Reload for file change: C:\Project\soristic\soristic_docs\site.json
2021-01-24T02:57:22.141Z - info: Assets built
2021-01-24T02:57:23.032Z - info: [10:57:23 am] Reload for file change: C:\Project\soristic\soristic_docs\site.json
2021-01-24T02:57:23.439Z - info: [10:57:23 am] Reload for file change: C:\Project\soristic\soristic_docs\site.json
2021-01-24T02:57:23.685Z - info: [10:57:23 am] Reload for file change: C:\Project\soristic\soristic_docs\site.json
2021-01-24T02:57:23.924Z - info: [10:57:23 am] Reload for file change: C:\Project\soristic\soristic_docs\site.json
2021-01-24T02:57:24.043Z - info: Assets built
2021-01-24T02:57:24.155Z - info: [10:57:24 am] Reload for file change: C:\Project\soristic\soristic_docs\site.json
2021-01-24T02:57:25.169Z - info: Assets built
2021-01-24T02:57:25.482Z - info: [10:57:25 am] Reload for file change: C:\Project\soristic\soristic_docs\site.json
2021-01-24T02:57:26.494Z - info: Assets built
2021-01-24T02:57:31.643Z - info: [10:57:31 am] Reload for file change: C:\Project\soristic\soristic_docs\site.json
2021-01-24T02:57:32.658Z - info: Assets built
2021-01-24T02:57:33.473Z - info: [10:57:33 am] Reload for file change: C:\Project\soristic\soristic_docs\site.json
2021-01-24T02:57:33.716Z - info: [10:57:33 am] Reload for file change: C:\Project\soristic\soristic_docs\site.json
2021-01-24T02:57:34.484Z - info: Assets built
2021-01-24T02:57:35.555Z - info: [10:57:35 am] Reload for file change: C:\Project\soristic\soristic_docs\site.json
2021-01-24T02:57:36.564Z - info: Assets built
2021-01-24T03:39:39.543Z - info: Website generation started at 11:39:39 am
2021-01-24T03:39:39.601Z - info: Building assets...
2021-01-24T03:39:39.623Z - info: Assets built
2021-01-24T03:39:39.624Z - info: Generating pages...
2021-01-24T03:39:39.853Z - info: Pages built
2021-01-24T03:39:39.921Z - info: Site data built
2021-01-24T03:39:39.922Z - info: Website generation complete! Total build time: 0.417s
2021-01-24T03:39:39.922Z - info: Build success!
2021-01-24T03:41:21.025Z - info: Deployed at https://tlylt.github.io/soristic_docs!
2021-01-24T03:56:07.536Z - info: Website generation started at 11:56:07 am
2021-01-24T03:56:07.619Z - info: Building assets...
2021-01-24T03:56:07.666Z - info: Assets built
2021-01-24T03:56:07.667Z - info: Generating pages...
2021-01-24T03:56:07.905Z - info: Pages built
2021-01-24T03:56:07.979Z - info: Site data built
2021-01-24T03:56:07.979Z - info: Website generation complete! Total build time: 0.478s
2021-01-24T03:56:07.995Z - info: Serving "C:\Project\soristic\soristic_docs\_site" at http://127.0.0.1:8080
2021-01-24T03:56:07.996Z - info: Press CTRL+C to stop ...
2021-01-24T03:56:19.346Z - info: [11:56:19 am] Reload for file change: C:\Project\soristic\soristic_docs\index.md
2021-01-24T03:56:20.363Z - info: Rebuilding 1 pages
2021-01-24T03:56:20.464Z - info: Site data built
2021-01-24T03:56:20.466Z - info: Pages rebuilt
2021-01-24T03:56:20.466Z - info: Website regeneration complete! Total build time: 0.104s
2021-01-24T03:56:29.491Z - info: [11:56:29 am] Reload for file change: C:\Project\soristic\soristic_docs\index.md
2021-01-24T03:56:30.499Z - info: Rebuilding 1 pages
2021-01-24T03:56:30.556Z - info: Site data built
2021-01-24T03:56:30.558Z - info: Pages rebuilt
2021-01-24T03:56:30.558Z - info: Website regeneration complete! Total build time: 0.06s
2021-01-24T03:56:33.008Z - info: [11:56:33 am] Reload for file change: C:\Project\soristic\soristic_docs\index.md
2021-01-24T03:56:34.009Z - info: Rebuilding 1 pages
2021-01-24T03:56:34.078Z - info: Site data built
2021-01-24T03:56:34.078Z - info: Pages rebuilt
2021-01-24T03:56:34.079Z - info: Website regeneration complete! Total build time: 0.07s
2021-01-24T03:56:46.419Z - info: [11:56:46 am] Reload for file change: C:\Project\soristic\soristic_docs\index.md
2021-01-24T03:56:47.428Z - info: Rebuilding 1 pages
2021-01-24T03:56:47.475Z - info: Site data built
2021-01-24T03:56:47.476Z - info: Pages rebuilt
2021-01-24T03:56:47.476Z - info: Website regeneration complete! Total build time: 0.049s
2021-01-24T03:57:16.570Z - info: [11:57:16 am] Reload for file change: C:\Project\soristic\soristic_docs\_markbind\footers\footer.md
2021-01-24T03:57:17.579Z - info: Rebuilding 1 pages
2021-01-24T03:57:17.622Z - info: Site data built
2021-01-24T03:57:17.623Z - info: Pages rebuilt
2021-01-24T03:57:17.623Z - info: Website regeneration complete! Total build time: 0.044s
2021-01-24T03:57:19.090Z - info: [11:57:19 am] Reload for file change: C:\Project\soristic\soristic_docs\site.json
2021-01-24T03:57:20.105Z - info: Assets built
2021-01-24T03:57:26.436Z - info: Website generation started at 11:57:26 am
2021-01-24T03:57:26.516Z - info: Building assets...
2021-01-24T03:57:26.562Z - info: Assets built
2021-01-24T03:57:26.563Z - info: Generating pages...
2021-01-24T03:57:26.794Z - info: Pages built
2021-01-24T03:57:26.861Z - info: Site data built
2021-01-24T03:57:26.861Z - info: Website generation complete! Total build time: 0.46s
2021-01-24T03:57:26.861Z - info: Build success!
2021-01-24T03:57:31.126Z - info: Deployed at https://tlylt.github.io/soristic_docs!
