2021-01-21T12:42:23.017Z - info: Initialization success.
2021-01-21T12:45:32.307Z - info: Website generation started at 8:45:32 pm
2021-01-21T12:45:32.369Z - info: Building assets...
2021-01-21T12:45:32.391Z - info: Assets built
2021-01-21T12:45:32.392Z - info: Generating pages...
2021-01-21T12:45:32.693Z - info: Pages built
2021-01-21T12:45:32.777Z - info: Site data built
2021-01-21T12:45:32.779Z - info: Website generation complete! Total build time: 0.529s
2021-01-21T12:45:32.797Z - info: Serving "C:\Project\soristic\soristic_docs\_site" at http://127.0.0.1:8080
2021-01-21T12:45:32.797Z - info: Press CTRL+C to stop ...
2021-01-21T12:46:06.317Z - info: [8:46:06 pm] Reload for file change: C:\Project\soristic\soristic_docs\site.json
2021-01-21T12:46:07.320Z - info: Assets built
2021-01-21T12:47:16.813Z - info: [8:47:16 pm] Reload for file change: C:\Project\soristic\soristic_docs\index.md
2021-01-21T12:47:17.827Z - info: Rebuilding 1 pages
2021-01-21T12:47:17.962Z - info: Site data built
2021-01-21T12:47:17.964Z - info: Pages rebuilt
2021-01-21T12:47:17.965Z - info: Website regeneration complete! Total build time: 0.138s
2021-01-21T13:16:16.124Z - info: [9:16:16 pm] Reload for file add: C:\Project\soristic\soristic_docs\form.html
2021-01-21T13:16:17.133Z - info: Assets built
2021-01-21T13:16:18.184Z - info: [9:16:18 pm] Reload for file change: C:\Project\soristic\soristic_docs\form.html
2021-01-21T13:16:19.192Z - info: Assets built
2021-01-21T13:17:50.299Z - info: [9:17:50 pm] Reload for file deletion: C:\Project\soristic\soristic_docs\form.html
2021-01-21T13:17:51.303Z - debug: Assets removed
2021-01-21T13:19:27.551Z - info: [9:19:27 pm] Reload for file add: C:\Project\soristic\soristic_docs\form.html
2021-01-21T13:19:28.559Z - info: Assets built
2021-01-21T13:19:50.307Z - info: [9:19:50 pm] Reload for file change: C:\Project\soristic\soristic_docs\site.json
2021-01-21T13:19:51.316Z - info: Assets built
2021-01-21T13:20:16.431Z - info: [9:20:16 pm] Reload for file add: C:\Project\soristic\soristic_docs\form.md
2021-01-21T13:20:16.512Z - info: [9:20:16 pm] Reload for file deletion: C:\Project\soristic\soristic_docs\form.html
2021-01-21T13:20:17.446Z - info: Page added or removed, updating list of site's pages...
2021-01-21T13:20:17.527Z - debug: Assets removed
2021-01-21T13:20:17.527Z - warn: Rebuilding all pages...
2021-01-21T13:20:17.528Z - info: Generating pages...
2021-01-21T13:20:17.809Z - info: Pages built
2021-01-21T13:20:20.297Z - info: [9:20:20 pm] Reload for file change: C:\Project\soristic\soristic_docs\site.json
2021-01-21T13:20:21.308Z - info: Assets built
2021-01-21T13:20:39.945Z - info: [9:20:39 pm] Reload for file change: C:\Project\soristic\soristic_docs\site.json
2021-01-21T13:20:40.954Z - info: Assets built
2021-01-21T13:20:50.204Z - info: [9:20:50 pm] Reload for file add: C:\Project\soristic\soristic_docs\form.html
2021-01-21T13:20:50.295Z - info: [9:20:50 pm] Reload for file deletion: C:\Project\soristic\soristic_docs\form.md
2021-01-21T13:20:51.215Z - info: Assets built
2021-01-21T13:20:51.306Z - info: Page added or removed, updating list of site's pages...
2021-01-21T13:20:52.313Z - debug: Assets removed
2021-01-21T13:20:52.314Z - warn: Rebuilding all pages...
2021-01-21T13:20:52.314Z - info: Generating pages...
2021-01-21T13:20:52.442Z - info: Pages built
